<?xml version="1.0" encoding="UTF-8"?>
<!-- Generated by org.testng.reporters.JUnitReportReporter -->
<testsuite hostname="DESKTOP-JD3KIL9" failures="0" tests="3" name="testNGannotations.TestAnnotations" time="0.034" errors="0" timestamp="2023-03-27T19:37:09 IST" skipped="0">
  <testcase classname="testNGannotations.TestAnnotations" name="g" time="0.010"/>
  <system-out>
    <![CDATA[test case2]]>
  </system-out>
  <testcase classname="testNGannotations.TestAnnotations" name="h" time="0.009"/>
  <system-out>
    <![CDATA[test case3]]>
  </system-out>
  <testcase classname="testNGannotations.TestAnnotations" name="f" time="0.015"/>
  <system-out>
    <![CDATA[test case1]]>
  </system-out>
</testsuite> <!-- testNGannotations.TestAnnotations -->
