<?xml version="1.0" encoding="UTF-8"?>
<!-- Generated by org.testng.reporters.JUnitReportReporter -->
<testsuite hostname="DESKTOP-JD3KIL9" failures="0" tests="2" name="testngFlag.Flag6" time="0.015" errors="0" timestamp="2023-04-03T11:50:59 IST" skipped="1">
  <testcase classname="testngFlag.Flag6" name="login" time="0.015"/>
  <system-out>
    <![CDATA[Login method]]>
  </system-out>
  <testcase classname="testngFlag.Flag6" name="logout">
    <skipped/>
  </testcase> <!-- logout -->
  <system-out/>
</testsuite> <!-- testngFlag.Flag6 -->
