<?xml version="1.0" encoding="UTF-8"?>
<!-- Generated by org.testng.reporters.JUnitReportReporter -->
<testsuite hostname="DESKTOP-JD3KIL9" failures="0" tests="1" name="testNGExecution.TestngClass2" time="39.514" errors="0" timestamp="2023-04-03T11:54:54 IST" skipped="0">
  <testcase classname="testNGExecution.TestngClass2" name="search2" time="39.514"/>
  <system-out/>
</testsuite> <!-- testNGExecution.TestngClass2 -->
