<?xml version="1.0" encoding="UTF-8"?>
<!-- Generated by org.testng.reporters.JUnitReportReporter -->
<testsuite hostname="DESKTOP-JD3KIL9" failures="0" tests="3" name="testNGpack.Demo3" time="0.009" errors="0" timestamp="2023-03-27T19:32:25 IST" skipped="0">
  <testcase classname="testNGpack.Demo3" name="dm4" time="0.004"/>
  <system-out>
    <![CDATA[method name is dm4]]>
  </system-out>
  <testcase classname="testNGpack.Demo3" name="dm5" time="0.002"/>
  <system-out>
    <![CDATA[method name is dm5]]>
  </system-out>
  <testcase classname="testNGpack.Demo3" name="dm3" time="0.003"/>
  <system-out>
    <![CDATA[method name is dm3]]>
  </system-out>
</testsuite> <!-- testNGpack.Demo3 -->
