<?xml version="1.0" encoding="UTF-8"?>
<!-- Generated by org.testng.reporters.JUnitReportReporter -->
<testsuite hostname="DESKTOP-JD3KIL9" failures="0" tests="3" name="testNGpack.Demo" time="0.028" errors="0" timestamp="2023-03-27T19:32:25 IST" skipped="0">
  <testcase classname="testNGpack.Demo" name="f" time="0.020"/>
  <system-out>
    <![CDATA[sunday!!]]>
  </system-out>
  <testcase classname="testNGpack.Demo" name="m2" time="0.002"/>
  <system-out>
    <![CDATA[method name is m2]]>
  </system-out>
  <testcase classname="testNGpack.Demo" name="m1" time="0.006"/>
  <system-out>
    <![CDATA[method name is m1]]>
  </system-out>
</testsuite> <!-- testNGpack.Demo -->
