<?xml version="1.0" encoding="UTF-8"?>
<!-- Generated by org.testng.reporters.JUnitReportReporter -->
<testsuite hostname="DESKTOP-JD3KIL9" failures="0" tests="1" name="testngFlag.Flag2" time="0.013" errors="0" timestamp="2023-03-30T19:54:14 IST" skipped="0">
  <testcase classname="testngFlag.Flag2" name="search1" time="0.013"/>
  <system-out>
    <![CDATA[Log in Page]]>
  </system-out>
</testsuite> <!-- testngFlag.Flag2 -->
