<?xml version="1.0" encoding="UTF-8"?>
<!-- Generated by org.testng.reporters.JUnitReportReporter -->
<testsuite hostname="DESKTOP-JD3KIL9" failures="0" tests="1" name="testNGExecution.TestngClass3" time="46.001" errors="0" timestamp="2023-04-03T11:54:54 IST" skipped="0">
  <testcase classname="testNGExecution.TestngClass3" name="search3" time="46.001"/>
  <system-out/>
</testsuite> <!-- testNGExecution.TestngClass3 -->
