<?xml version="1.0" encoding="UTF-8"?>
<!-- Generated by org.testng.reporters.JUnitReportReporter -->
<testsuite hostname="DESKTOP-JD3KIL9" failures="0" tests="35" name="testngFlag.Flag4" time="0.103" errors="0" timestamp="2023-04-03T11:50:48 IST" skipped="0">
  <testcase classname="testngFlag.Flag4" name="ft" time="0.002"/>
  <system-out>
    <![CDATA[FTC is executing]]>
  </system-out>
  <testcase classname="testngFlag.Flag4" name="ft" time="0.001"/>
  <system-out>
    <![CDATA[FTC is executing]]>
  </system-out>
  <testcase classname="testngFlag.Flag4" name="ft" time="0.002"/>
  <system-out>
    <![CDATA[FTC is executing]]>
  </system-out>
  <testcase classname="testngFlag.Flag4" name="ft" time="0.011"/>
  <system-out>
    <![CDATA[FTC is executing]]>
  </system-out>
  <testcase classname="testngFlag.Flag4" name="it" time="0.002"/>
  <system-out>
    <![CDATA[ITC is executing]]>
  </system-out>
  <testcase classname="testngFlag.Flag4" name="it" time="0.001"/>
  <system-out>
    <![CDATA[ITC is executing]]>
  </system-out>
  <testcase classname="testngFlag.Flag4" name="it" time="0.003"/>
  <system-out>
    <![CDATA[ITC is executing]]>
  </system-out>
  <testcase classname="testngFlag.Flag4" name="it" time="0.001"/>
  <system-out>
    <![CDATA[ITC is executing]]>
  </system-out>
  <testcase classname="testngFlag.Flag4" name="ft" time="0.006"/>
  <system-out>
    <![CDATA[FTC is executing]]>
  </system-out>
  <testcase classname="testngFlag.Flag4" name="ft" time="0.004"/>
  <system-out>
    <![CDATA[FTC is executing]]>
  </system-out>
  <testcase classname="testngFlag.Flag4" name="it" time="0.002"/>
  <system-out>
    <![CDATA[ITC is executing]]>
  </system-out>
  <testcase classname="testngFlag.Flag4" name="ft" time="0.003"/>
  <system-out>
    <![CDATA[FTC is executing]]>
  </system-out>
  <testcase classname="testngFlag.Flag4" name="ft" time="0.001"/>
  <system-out>
    <![CDATA[FTC is executing]]>
  </system-out>
  <testcase classname="testngFlag.Flag4" name="ft" time="0.012"/>
  <system-out>
    <![CDATA[FTC is executing]]>
  </system-out>
  <testcase classname="testngFlag.Flag4" name="it" time="0.002"/>
  <system-out>
    <![CDATA[ITC is executing]]>
  </system-out>
  <testcase classname="testngFlag.Flag4" name="ft" time="0.005"/>
  <system-out>
    <![CDATA[FTC is executing]]>
  </system-out>
  <testcase classname="testngFlag.Flag4" name="it" time="0.002"/>
  <system-out>
    <![CDATA[ITC is executing]]>
  </system-out>
  <testcase classname="testngFlag.Flag4" name="ft" time="0.002"/>
  <system-out>
    <![CDATA[FTC is executing]]>
  </system-out>
  <testcase classname="testngFlag.Flag4" name="ft" time="0.005"/>
  <system-out>
    <![CDATA[FTC is executing]]>
  </system-out>
  <testcase classname="testngFlag.Flag4" name="ft" time="0.006"/>
  <system-out>
    <![CDATA[FTC is executing]]>
  </system-out>
  <testcase classname="testngFlag.Flag4" name="it" time="0.001"/>
  <system-out>
    <![CDATA[ITC is executing]]>
  </system-out>
  <testcase classname="testngFlag.Flag4" name="ft" time="0.003"/>
  <system-out>
    <![CDATA[FTC is executing]]>
  </system-out>
  <testcase classname="testngFlag.Flag4" name="it" time="0.001"/>
  <system-out>
    <![CDATA[ITC is executing]]>
  </system-out>
  <testcase classname="testngFlag.Flag4" name="ft" time="0.003"/>
  <system-out>
    <![CDATA[FTC is executing]]>
  </system-out>
  <testcase classname="testngFlag.Flag4" name="ft" time="0.004"/>
  <system-out>
    <![CDATA[FTC is executing]]>
  </system-out>
  <testcase classname="testngFlag.Flag4" name="it" time="0.001"/>
  <system-out>
    <![CDATA[ITC is executing]]>
  </system-out>
  <testcase classname="testngFlag.Flag4" name="it" time="0.001"/>
  <system-out>
    <![CDATA[ITC is executing]]>
  </system-out>
  <testcase classname="testngFlag.Flag4" name="it" time="0.001"/>
  <system-out>
    <![CDATA[ITC is executing]]>
  </system-out>
  <testcase classname="testngFlag.Flag4" name="it" time="0.003"/>
  <system-out>
    <![CDATA[ITC is executing]]>
  </system-out>
  <testcase classname="testngFlag.Flag4" name="ft" time="0.001"/>
  <system-out>
    <![CDATA[FTC is executing]]>
  </system-out>
  <testcase classname="testngFlag.Flag4" name="it" time="0.002"/>
  <system-out>
    <![CDATA[ITC is executing]]>
  </system-out>
  <testcase classname="testngFlag.Flag4" name="ft" time="0.005"/>
  <system-out>
    <![CDATA[FTC is executing]]>
  </system-out>
  <testcase classname="testngFlag.Flag4" name="ft" time="0.001"/>
  <system-out>
    <![CDATA[FTC is executing]]>
  </system-out>
  <testcase classname="testngFlag.Flag4" name="ft" time="0.001"/>
  <system-out>
    <![CDATA[FTC is executing]]>
  </system-out>
  <testcase classname="testngFlag.Flag4" name="it" time="0.002"/>
  <system-out>
    <![CDATA[ITC is executing]]>
  </system-out>
</testsuite> <!-- testngFlag.Flag4 -->
