<?xml version="1.0" encoding="UTF-8"?>
<!-- Generated by org.testng.reporters.JUnitReportReporter -->
<testsuite hostname="DESKTOP-JD3KIL9" failures="0" tests="15" name="testngFlag.GroupExecution" time="0.071" errors="0" timestamp="2023-04-03T11:50:29 IST" skipped="0">
  <testcase classname="testngFlag.GroupExecution" name="ft3" time="0.007"/>
  <system-out>
    <![CDATA[FTC3 is executed!!]]>
  </system-out>
  <testcase classname="testngFlag.GroupExecution" name="it5" time="0.002"/>
  <system-out>
    <![CDATA[ITC5 is executed!!]]>
  </system-out>
  <testcase classname="testngFlag.GroupExecution" name="st2" time="0.003"/>
  <system-out>
    <![CDATA[STC2 is executed!!]]>
  </system-out>
  <testcase classname="testngFlag.GroupExecution" name="it3" time="0.002"/>
  <system-out>
    <![CDATA[ITC3 is executed!!]]>
  </system-out>
  <testcase classname="testngFlag.GroupExecution" name="st1" time="0.002"/>
  <system-out>
    <![CDATA[STC1 is executed!!]]>
  </system-out>
  <testcase classname="testngFlag.GroupExecution" name="st5" time="0.004"/>
  <system-out>
    <![CDATA[STC5 is executed!!]]>
  </system-out>
  <testcase classname="testngFlag.GroupExecution" name="ft2" time="0.004"/>
  <system-out>
    <![CDATA[FTC2 is executed!!]]>
  </system-out>
  <testcase classname="testngFlag.GroupExecution" name="ft5" time="0.010"/>
  <system-out>
    <![CDATA[FTC5 is executed!!]]>
  </system-out>
  <testcase classname="testngFlag.GroupExecution" name="st4" time="0.002"/>
  <system-out>
    <![CDATA[STC4 is executed!!]]>
  </system-out>
  <testcase classname="testngFlag.GroupExecution" name="it4" time="0.004"/>
  <system-out>
    <![CDATA[ITC4 is executed!!]]>
  </system-out>
  <testcase classname="testngFlag.GroupExecution" name="it2" time="0.003"/>
  <system-out>
    <![CDATA[ITC2 is executed!!]]>
  </system-out>
  <testcase classname="testngFlag.GroupExecution" name="ft1" time="0.013"/>
  <system-out>
    <![CDATA[FTC1 is executed!!]]>
  </system-out>
  <testcase classname="testngFlag.GroupExecution" name="it1" time="0.006"/>
  <system-out>
    <![CDATA[ITC1 is executed!!]]>
  </system-out>
  <testcase classname="testngFlag.GroupExecution" name="st3" time="0.004"/>
  <system-out>
    <![CDATA[STC3 is executed!!]]>
  </system-out>
  <testcase classname="testngFlag.GroupExecution" name="ft4" time="0.005"/>
  <system-out>
    <![CDATA[FTC4 is executed!!]]>
  </system-out>
</testsuite> <!-- testngFlag.GroupExecution -->
