<?xml version="1.0" encoding="UTF-8"?>
<!-- Generated by org.testng.reporters.JUnitReportReporter -->
<testsuite hostname="DESKTOP-JD3KIL9" failures="0" tests="3" name="testngFlag.Flag7" time="0.025" errors="0" timestamp="2023-03-31T19:36:08 IST" skipped="0">
  <testcase classname="testngFlag.Flag7" name="logout" time="0.004"/>
  <system-out>
    <![CDATA[logout method!!!]]>
  </system-out>
  <testcase classname="testngFlag.Flag7" name="createuser" time="0.003"/>
  <system-out>
    <![CDATA[usercreated!!!]]>
  </system-out>
  <testcase classname="testngFlag.Flag7" name="login" time="0.018"/>
  <system-out>
    <![CDATA[login method!!!]]>
  </system-out>
</testsuite> <!-- testngFlag.Flag7 -->
