<?xml version="1.0" encoding="UTF-8"?>
<!-- Generated by org.testng.reporters.JUnitReportReporter -->
<testsuite hostname="DESKTOP-JD3KIL9" failures="0" tests="3" name="testngFlag.Flag3" time="0.022" errors="0" timestamp="2023-04-03T11:51:25 IST" skipped="0">
  <testcase classname="testngFlag.Flag3" name="login" time="0.014"/>
  <system-out>
    <![CDATA[Logged in!!]]>
  </system-out>
  <testcase classname="testngFlag.Flag3" name="createUser" time="0.004"/>
  <system-out>
    <![CDATA[UserCreated !!]]>
  </system-out>
  <testcase classname="testngFlag.Flag3" name="logOut" time="0.004"/>
  <system-out>
    <![CDATA[Logged Out!!]]>
  </system-out>
</testsuite> <!-- testngFlag.Flag3 -->
