<?xml version="1.0" encoding="UTF-8"?>
<!-- Generated by org.testng.reporters.JUnitReportReporter -->
<testsuite hostname="DESKTOP-JD3KIL9" failures="0" tests="3" name="testNGannotations.GoogleTestCase" time="165.614" errors="0" timestamp="2023-03-27T20:16:26 IST" skipped="0">
  <testcase classname="testNGannotations.GoogleTestCase" name="search3" time="27.495"/>
  <system-out/>
  <testcase classname="testNGannotations.GoogleTestCase" name="search1" time="92.399"/>
  <system-out/>
  <testcase classname="testNGannotations.GoogleTestCase" name="search2" time="45.720"/>
  <system-out/>
</testsuite> <!-- testNGannotations.GoogleTestCase -->
