<?xml version="1.0" encoding="UTF-8"?>
<!-- Generated by org.testng.reporters.JUnitReportReporter -->
<testsuite hostname="DESKTOP-JD3KIL9" failures="0" tests="2" name="testNGExecution.MethodExe" time="0.016" errors="0" timestamp="2023-04-03T11:52:07 IST" skipped="0">
  <testcase classname="testNGExecution.MethodExe" name="method2" time="0.003"/>
  <system-out>
    <![CDATA[1 is the threadid
method2]]>
  </system-out>
  <testcase classname="testNGExecution.MethodExe" name="method1" time="0.013"/>
  <system-out>
    <![CDATA[1 is the threadid
method1]]>
  </system-out>
</testsuite> <!-- testNGExecution.MethodExe -->
