<?xml version="1.0" encoding="UTF-8"?>
<!-- Generated by org.testng.reporters.JUnitReportReporter -->
<testsuite hostname="DESKTOP-JD3KIL9" failures="0" tests="3" name="testngFlag.Flag5" time="0.031" errors="0" timestamp="2023-04-01T22:56:21 IST" skipped="0">
  <testcase classname="testngFlag.Flag5" name="createuser" time="0.011"/>
  <system-out>
    <![CDATA[usercreated]]>
  </system-out>
  <testcase classname="testngFlag.Flag5" name="logout" time="0.004"/>
  <system-out>
    <![CDATA[logged out]]>
  </system-out>
  <testcase classname="testngFlag.Flag5" name="login" time="0.016"/>
  <system-out>
    <![CDATA[logged in]]>
  </system-out>
</testsuite> <!-- testngFlag.Flag5 -->
