<?xml version="1.0" encoding="UTF-8"?>
<!-- Generated by org.testng.reporters.JUnitReportReporter -->
<testsuite hostname="DESKTOP-JD3KIL9" failures="0" tests="1" name="testNGExecution.TestngClass1" time="23.527" errors="0" timestamp="2023-04-03T11:54:54 IST" skipped="0">
  <testcase classname="testNGExecution.TestngClass1" name="search1" time="23.527"/>
  <system-out/>
</testsuite> <!-- testNGExecution.TestngClass1 -->
